<?xml version="1.0" encoding="UTF-8" ?>
<testsuite errors="0" failures="0" hostname="Calvins-MacBook-Pro.local" name="Matrix.NavigableMatrixTest" skipped="0" tests="17" time="0.057" timestamp="2024-04-18T01:19:56">
  <properties>
[...]
</properties>
  <testcase classname="Matrix.NavigableMatrixTest" name="testRepresentation" time="0.005" />
  <testcase classname="Matrix.NavigableMatrixTest" name="testInstanceMethod" time="0.0" />
  <testcase classname="Matrix.NavigableMatrixTest" name="testIdentityMethod" time="0.001" />
  <testcase classname="Matrix.NavigableMatrixTest" name="testConstantMethod" time="0.0" />
  <testcase classname="Matrix.NavigableMatrixTest" name="testValue" time="0.0" />
  <testcase classname="Matrix.NavigableMatrixTest" name="testZero" time="0.0" />
  <testcase classname="Matrix.NavigableMatrixTest" name="testFromNavigableMap" time="0.001" />
  <testcase classname="Matrix.NavigableMatrixTest" name="testEntryWiseError" time="0.001" />
  <testcase classname="Matrix.NavigableMatrixTest" name="testEntrywise" time="0.002" />
  <testcase classname="Matrix.NavigableMatrixTest" name="testInvalidLength" time="0.0" />
  <testcase classname="Matrix.NavigableMatrixTest" name="testFromArray" time="0.0" />
  <testcase classname="Matrix.NavigableMatrixTest" name="testRowAndColumn" time="0.002" />
  <testcase classname="Matrix.NavigableMatrixTest" name="testMultiply" time="0.001" />
  <testcase classname="Matrix.NavigableMatrixTest" name="testInconsistentZero" time="0.001" />
  <testcase classname="Matrix.NavigableMatrixTest" name="testMerge1" time="0.0" />
  <testcase classname="Matrix.NavigableMatrixTest" name="testTranspose" time="0.0" />
  <testcase classname="Matrix.NavigableMatrixTest" name="testMultiplyError" time="0.0" />
  <system-out><![CDATA[]]></system-out>
  <system-err><![CDATA[]]></system-err>
</testsuite>
